<?xml version="1.0" encoding="UTF-8"?><testsuite errors="1" failures="0" name="Searching characters through api" skipped="0" tests="1" time="4.16" timestamp="2020-09-07 02:57:47"><testcase name="Search a character"><error type="java.lang.ExceptionInInitializerError"/><system-err>null&#13;
net.serenitybdd.rest.utils.RestDecorationHelper.decorate(RestDecorationHelper.java:20)&#13;
net.serenitybdd.rest.SerenityRest.given(SerenityRest.java:220)&#13;
com.techandsolve.yourlogoweb.tasks.ConsumingAnApi.performAs(ConsumingAnApi.java:27)&#13;
com.techandsolve.yourlogoweb.stepsdefinitions.RestServiceStepsdefinition.theUserProvideTheNameOfTheCharacterToGetAllTheDataAboutHim(RestServiceStepsdefinition.java:37)&#13;
java.base/jdk.internal.reflect.NativeMethodAccessorImpl.invoke0(Native Method)&#13;
java.base/jdk.internal.reflect.NativeMethodAccessorImpl.invoke(NativeMethodAccessorImpl.java:62)&#13;
java.base/jdk.internal.reflect.DelegatingMethodAccessorImpl.invoke(DelegatingMethodAccessorImpl.java:43)&#13;
cucumber.runner.Runner.runPickle(Runner.java:80)&#13;
java.base/jdk.internal.reflect.NativeMethodAccessorImpl.invoke0(Native Method)&#13;
java.base/jdk.internal.reflect.NativeMethodAccessorImpl.invoke(NativeMethodAccessorImpl.java:62)&#13;
java.base/jdk.internal.reflect.DelegatingMethodAccessorImpl.invoke(DelegatingMethodAccessorImpl.java:43)&#13;
java.base/jdk.internal.reflect.NativeMethodAccessorImpl.invoke0(Native Method)&#13;
java.base/jdk.internal.reflect.NativeMethodAccessorImpl.invoke(NativeMethodAccessorImpl.java:62)&#13;
java.base/jdk.internal.reflect.DelegatingMethodAccessorImpl.invoke(DelegatingMethodAccessorImpl.java:43)&#13;
</system-err></testcase></testsuite>